This file contains any messages produced by compilers while
running configure, to aid debugging if configure makes a mistake.

It was created by configure, which was
generated by GNU Autoconf 2.50.  Invocation command line was

  $ ./configure 

## ---------- ##
## Platform.  ##
## ---------- ##

hostname = prometheus.cs.wisc.edu
uname -m = x86_64
uname -r = 2.6.18-164.11.1.el5
uname -s = Linux
uname -v = #1 SMP Wed Jan 6 13:26:04 EST 2010

/usr/bin/uname -p = unknown
/bin/uname -X     = unknown

/bin/arch              = x86_64
/usr/bin/arch -k       = unknown
/usr/convex/getsysinfo = unknown
hostinfo               = x86_64 Linux
/bin/machine           = unknown
/usr/bin/oslevel       = unknown
/bin/universe          = unknown

PATH = /u/h/v/hvolos/bin:/s/std/bin:/usr/afsws/bin:/opt/SUNWspro/bin:/usr/ccs/bin:/usr/ucb:/bin:/usr/bin:/usr/stat/bin:/usr/X11R6/bin:/unsup/git/bin/git:/unsup/jgraph/i386_rh9/bin:/unsup/condor/bin:/afs/cs.wisc.edu/u/h/v/hvolos/.local/bin:/afs/cs.wisc.edu/u/h/v/hvolos/usr/bin:.:.

## ------------ ##
## Core tests.  ##
## ------------ ##

configure:920: PATH=".;."; conftest.sh
./configure: line 921: conftest.sh: command not found
configure:923: $? = 127
configure:963: checking build system type
configure:976: error: /bin/sh autoconf/config.sub x86_64-unknown-linux-gnu failed.

## ----------------- ##
## Cache variables.  ##
## ----------------- ##

ac_cv_build=
ac_cv_build_alias=x86_64-unknown-linux-gnu
ac_cv_env_CC_set=
ac_cv_env_CC_value=
ac_cv_env_CFLAGS_set=
ac_cv_env_CFLAGS_value=
ac_cv_env_CPPFLAGS_set=
ac_cv_env_CPPFLAGS_value=
ac_cv_env_CPP_set=
ac_cv_env_CPP_value=
ac_cv_env_CXXFLAGS_set=
ac_cv_env_CXXFLAGS_value=
ac_cv_env_CXX_set=
ac_cv_env_CXX_value=
ac_cv_env_LDFLAGS_set=
ac_cv_env_LDFLAGS_value=
ac_cv_env_build_alias_set=
ac_cv_env_build_alias_value=
ac_cv_env_host_alias_set=
ac_cv_env_host_alias_value=
ac_cv_env_target_alias_set=
ac_cv_env_target_alias_value=


configure: exit 1
